#
# A fatal error has been detected by the Java Runtime Environment:
#
#  Internal Error (javaClasses.cpp:129), pid=11121, tid=139720091662080
#  fatal error: Invalid layout of preloaded class
#
# JRE version: 7.0_09-b30
# Java VM: OpenJDK 64-Bit Server VM (23.2-b09 mixed mode linux-amd64 compressed oops)
# Failed to write core dump. Core dumps have been disabled. To enable core dumping, try "ulimit -c unlimited" before starting Java again
#
# If you would like to submit a bug report, please include
# instructions on how to reproduce the bug and visit:
#   https://bugs.launchpad.net/ubuntu/+source/openjdk-7/
#

---------------  T H R E A D  ---------------

Current thread (0x00007f1318009000):  JavaThread "Unknown thread" [_thread_in_vm, id=11123, stack(0x00007f131e5e7000,0x00007f131e6e8000)]

Stack: [0x00007f131e5e7000,0x00007f131e6e8000],  sp=0x00007f131e6e69e0,  free space=1022k
Native frames: (J=compiled Java code, j=interpreted, Vv=VM code, C=native code)
V  [libjvm.so+0x85639b]  VMError::report_and_die()+0x16b
V  [libjvm.so+0x3ee237]  report_fatal(char const*, int, char const*)+0x57
V  [libjvm.so+0x52a56a]  compute_offset(int&, klassOopDesc*, Symbol*, Symbol*, bool) [clone .constprop.122]+0x11a
V  [libjvm.so+0x52a676]  java_lang_String::compute_offsets()+0x36
V  [libjvm.so+0x7e2f1d]  SystemDictionary::initialize_preloaded_classes(Thread*)+0x3d
V  [libjvm.so+0x82fe78]  Universe::genesis(Thread*)+0x468
V  [libjvm.so+0x83032f]  universe2_init()+0x1f
V  [libjvm.so+0x4dee4a]  init_globals()+0x9a
V  [libjvm.so+0x81389c]  Threads::create_vm(JavaVMInitArgs*, bool*)+0x39c
V  [libjvm.so+0x5471f8]  JNI_CreateJavaVM+0x58
C  [libjli.so+0x28f4]  __strcat_chk+0x28f4


---------------  P R O C E S S  ---------------

Java Threads: ( => current thread )

Other Threads:

=>0x00007f1318009000 (exited) JavaThread "Unknown thread" [_thread_in_vm, id=11123, stack(0x00007f131e5e7000,0x00007f131e6e8000)]

VM state:not at safepoint (not fully initialized)

VM Mutex/Monitor currently owned by a thread: None

GC Heap History (0 events):
No events

Deoptimization events (0 events):
No events

Internal exceptions (0 events):
No events

Events (10 events):
Event: 0.004 loading class 0x00007f131802aea0 done
Event: 0.004 loading class 0x00007f131802a740 done
Event: 0.004 loading class 0x00007f131802a710
Event: 0.004 loading class 0x00007f13180558c0
Event: 0.004 loading class 0x00007f13180558c0 done
Event: 0.004 loading class 0x00007f1318055900
Event: 0.004 loading class 0x00007f1318055900 done
Event: 0.004 loading class 0x00007f1318055940
Event: 0.004 loading class 0x00007f1318055940 done
Event: 0.004 loading class 0x00007f131802a710 done


Dynamic libraries:
00400000-00401000 r-xp 00000000 08:15 4725103                            /usr/lib/jvm/java-7-openjdk-amd64/jre/bin/java
00600000-00601000 r--p 00000000 08:15 4725103                            /usr/lib/jvm/java-7-openjdk-amd64/jre/bin/java
00601000-00602000 rw-p 00001000 08:15 4725103                            /usr/lib/jvm/java-7-openjdk-amd64/jre/bin/java
00763000-00784000 rw-p 00000000 00:00 0                                  [heap]
6fb200000-6fc6c0000 rw-p 00000000 00:00 0 
6fc6c0000-705800000 rw-p 00000000 00:00 0 
705800000-70ff00000 rw-p 00000000 00:00 0 
70ff00000-7ac800000 rw-p 00000000 00:00 0 
7ac800000-7b1b70000 rw-p 00000000 00:00 0 
7b1b70000-800000000 rw-p 00000000 00:00 0 
7f12f1cf4000-7f12fc000000 rw-p 00000000 00:00 0 
7f12fc000000-7f12fc021000 rw-p 00000000 00:00 0 
7f12fc021000-7f1300000000 ---p 00000000 00:00 0 
7f1304000000-7f1304021000 rw-p 00000000 00:00 0 
7f1304021000-7f1308000000 ---p 00000000 00:00 0 
7f1308000000-7f1308021000 rw-p 00000000 00:00 0 
7f1308021000-7f130c000000 ---p 00000000 00:00 0 
7f130c000000-7f130c021000 rw-p 00000000 00:00 0 
7f130c021000-7f1310000000 ---p 00000000 00:00 0 
7f1312e4a000-7f1313055000 rw-p 00000000 00:00 0 
7f1313055000-7f131311a000 r--s 0115c000 08:15 3672959                    /home/ataulm/Development/android-sdk/platforms/android-17/android.jar
7f131311a000-7f131311b000 ---p 00000000 00:00 0 
7f131311b000-7f131321b000 rw-p 00000000 00:00 0                          [stack:11127]
7f131321b000-7f131321c000 ---p 00000000 00:00 0 
7f131321c000-7f131331c000 rw-p 00000000 00:00 0                          [stack:11126]
7f131331c000-7f131331d000 ---p 00000000 00:00 0 
7f131331d000-7f1313471000 rw-p 00000000 00:00 0                          [stack:11125]
7f1313471000-7f1313955000 rw-p 00000000 00:00 0 
7f1313955000-7f1313960000 rw-p 00000000 00:00 0 
7f1313960000-7f13139a8000 rw-p 00000000 00:00 0 
7f13139a8000-7f13139fc000 rw-p 00000000 00:00 0 
7f13139fc000-7f1313ee0000 rw-p 00000000 00:00 0 
7f1313ee0000-7f1313f0a000 rw-p 00000000 00:00 0 
7f1313f0a000-7f131417c000 rw-p 00000000 00:00 0 
7f131417c000-7f131417d000 rw-p 00000000 00:00 0 
7f131417d000-7f13143ed000 rwxp 00000000 00:00 0 
7f13143ed000-7f131717d000 rw-p 00000000 00:00 0 
7f131717d000-7f1317185000 r-xp 00000000 08:15 4725085                    /usr/lib/jvm/java-7-openjdk-amd64/jre/lib/amd64/libzip.so
7f1317185000-7f1317384000 ---p 00008000 08:15 4725085                    /usr/lib/jvm/java-7-openjdk-amd64/jre/lib/amd64/libzip.so
7f1317384000-7f1317385000 r--p 00007000 08:15 4725085                    /usr/lib/jvm/java-7-openjdk-amd64/jre/lib/amd64/libzip.so
7f1317385000-7f1317386000 rw-p 00008000 08:15 4725085                    /usr/lib/jvm/java-7-openjdk-amd64/jre/lib/amd64/libzip.so
7f1317386000-7f1317392000 r-xp 00000000 08:15 4460084                    /lib/x86_64-linux-gnu/libnss_files-2.15.so
7f1317392000-7f1317591000 ---p 0000c000 08:15 4460084                    /lib/x86_64-linux-gnu/libnss_files-2.15.so
7f1317591000-7f1317592000 r--p 0000b000 08:15 4460084                    /lib/x86_64-linux-gnu/libnss_files-2.15.so
7f1317592000-7f1317593000 rw-p 0000c000 08:15 4460084                    /lib/x86_64-linux-gnu/libnss_files-2.15.so
7f1317593000-7f131759d000 r-xp 00000000 08:15 4460088                    /lib/x86_64-linux-gnu/libnss_nis-2.15.so
7f131759d000-7f131779d000 ---p 0000a000 08:15 4460088                    /lib/x86_64-linux-gnu/libnss_nis-2.15.so
7f131779d000-7f131779e000 r--p 0000a000 08:15 4460088                    /lib/x86_64-linux-gnu/libnss_nis-2.15.so
7f131779e000-7f131779f000 rw-p 0000b000 08:15 4460088                    /lib/x86_64-linux-gnu/libnss_nis-2.15.so
7f131779f000-7f13177b6000 r-xp 00000000 08:15 4460078                    /lib/x86_64-linux-gnu/libnsl-2.15.so
7f13177b6000-7f13179b5000 ---p 00017000 08:15 4460078                    /lib/x86_64-linux-gnu/libnsl-2.15.so
7f13179b5000-7f13179b6000 r--p 00016000 08:15 4460078                    /lib/x86_64-linux-gnu/libnsl-2.15.so
7f13179b6000-7f13179b7000 rw-p 00017000 08:15 4460078                    /lib/x86_64-linux-gnu/libnsl-2.15.so
7f13179b7000-7f13179b9000 rw-p 00000000 00:00 0 
7f13179b9000-7f13179c1000 r-xp 00000000 08:15 4460080                    /lib/x86_64-linux-gnu/libnss_compat-2.15.so
7f13179c1000-7f1317bc0000 ---p 00008000 08:15 4460080                    /lib/x86_64-linux-gnu/libnss_compat-2.15.so
7f1317bc0000-7f1317bc1000 r--p 00007000 08:15 4460080                    /lib/x86_64-linux-gnu/libnss_compat-2.15.so
7f1317bc1000-7f1317bc2000 rw-p 00008000 08:15 4460080                    /lib/x86_64-linux-gnu/libnss_compat-2.15.so
7f1317bc2000-7f1317bed000 r-xp 00000000 08:15 4721761                    /usr/lib/jvm/java-7-openjdk-amd64/jre/lib/amd64/libjava.so
7f1317bed000-7f1317dec000 ---p 0002b000 08:15 4721761                    /usr/lib/jvm/java-7-openjdk-amd64/jre/lib/amd64/libjava.so
7f1317dec000-7f1317ded000 r--p 0002a000 08:15 4721761                    /usr/lib/jvm/java-7-openjdk-amd64/jre/lib/amd64/libjava.so
7f1317ded000-7f1317def000 rw-p 0002b000 08:15 4721761                    /usr/lib/jvm/java-7-openjdk-amd64/jre/lib/amd64/libjava.so
7f1317def000-7f1317dfe000 r-xp 00000000 08:15 4725078                    /usr/lib/jvm/java-7-openjdk-amd64/jre/lib/amd64/libverify.so
7f1317dfe000-7f1317ffd000 ---p 0000f000 08:15 4725078                    /usr/lib/jvm/java-7-openjdk-amd64/jre/lib/amd64/libverify.so
7f1317ffd000-7f1317fff000 r--p 0000e000 08:15 4725078                    /usr/lib/jvm/java-7-openjdk-amd64/jre/lib/amd64/libverify.so
7f1317fff000-7f1318000000 rw-p 00010000 08:15 4725078                    /usr/lib/jvm/java-7-openjdk-amd64/jre/lib/amd64/libverify.so
7f1318000000-7f1318060000 rw-p 00000000 00:00 0 
7f1318060000-7f131c000000 ---p 00000000 00:00 0 
7f131c03e000-7f131c074000 rw-p 00000000 00:00 0 
7f131c074000-7f131c075000 ---p 00000000 00:00 0 
7f131c075000-7f131c180000 rw-p 00000000 00:00 0                          [stack:11124]
7f131c180000-7f131c1c8000 rw-p 00000000 00:00 0 
7f131c1c8000-7f131c1cf000 r-xp 00000000 08:15 4460123                    /lib/x86_64-linux-gnu/librt-2.15.so
7f131c1cf000-7f131c3ce000 ---p 00007000 08:15 4460123                    /lib/x86_64-linux-gnu/librt-2.15.so
7f131c3ce000-7f131c3cf000 r--p 00006000 08:15 4460123                    /lib/x86_64-linux-gnu/librt-2.15.so
7f131c3cf000-7f131c3d0000 rw-p 00007000 08:15 4460123                    /lib/x86_64-linux-gnu/librt-2.15.so
7f131c3d0000-7f131c3e5000 r-xp 00000000 08:15 4460044                    /lib/x86_64-linux-gnu/libgcc_s.so.1
7f131c3e5000-7f131c5e4000 ---p 00015000 08:15 4460044                    /lib/x86_64-linux-gnu/libgcc_s.so.1
7f131c5e4000-7f131c5e5000 r--p 00014000 08:15 4460044                    /lib/x86_64-linux-gnu/libgcc_s.so.1
7f131c5e5000-7f131c5e6000 rw-p 00015000 08:15 4460044                    /lib/x86_64-linux-gnu/libgcc_s.so.1
7f131c5e6000-7f131c6e1000 r-xp 00000000 08:15 4460061                    /lib/x86_64-linux-gnu/libm-2.15.so
7f131c6e1000-7f131c8e0000 ---p 000fb000 08:15 4460061                    /lib/x86_64-linux-gnu/libm-2.15.so
7f131c8e0000-7f131c8e1000 r--p 000fa000 08:15 4460061                    /lib/x86_64-linux-gnu/libm-2.15.so
7f131c8e1000-7f131c8e2000 rw-p 000fb000 08:15 4460061                    /lib/x86_64-linux-gnu/libm-2.15.so
7f131c8e2000-7f131c9c7000 r-xp 00000000 08:15 4594684                    /usr/lib/x86_64-linux-gnu/libstdc++.so.6.0.17
7f131c9c7000-7f131cbc6000 ---p 000e5000 08:15 4594684                    /usr/lib/x86_64-linux-gnu/libstdc++.so.6.0.17
7f131cbc6000-7f131cbce000 r--p 000e4000 08:15 4594684                    /usr/lib/x86_64-linux-gnu/libstdc++.so.6.0.17
7f131cbce000-7f131cbd0000 rw-p 000ec000 08:15 4594684                    /usr/lib/x86_64-linux-gnu/libstdc++.so.6.0.17
7f131cbd0000-7f131cbe5000 rw-p 00000000 00:00 0 
7f131cbe5000-7f131d5df000 r-xp 00000000 08:15 4721728                    /usr/lib/jvm/java-7-openjdk-amd64/jre/lib/amd64/server/libjvm.so
7f131d5df000-7f131d7de000 ---p 009fa000 08:15 4721728                    /usr/lib/jvm/java-7-openjdk-amd64/jre/lib/amd64/server/libjvm.so
7f131d7de000-7f131d85d000 r--p 009f9000 08:15 4721728                    /usr/lib/jvm/java-7-openjdk-amd64/jre/lib/amd64/server/libjvm.so
7f131d85d000-7f131d880000 rw-p 00a78000 08:15 4721728                    /usr/lib/jvm/java-7-openjdk-amd64/jre/lib/amd64/server/libjvm.so
7f131d880000-7f131d8ab000 rw-p 00000000 00:00 0 
7f131d8ab000-7f131d8c1000 r-xp 00000000 08:15 4460153                    /lib/x86_64-linux-gnu/libz.so.1.2.7
7f131d8c1000-7f131dac0000 ---p 00016000 08:15 4460153                    /lib/x86_64-linux-gnu/libz.so.1.2.7
7f131dac0000-7f131dac1000 r--p 00015000 08:15 4460153                    /lib/x86_64-linux-gnu/libz.so.1.2.7
7f131dac1000-7f131dac2000 rw-p 00016000 08:15 4460153                    /lib/x86_64-linux-gnu/libz.so.1.2.7
7f131dac2000-7f131dada000 r-xp 00000000 08:15 4460115                    /lib/x86_64-linux-gnu/libpthread-2.15.so
7f131dada000-7f131dcd9000 ---p 00018000 08:15 4460115                    /lib/x86_64-linux-gnu/libpthread-2.15.so
7f131dcd9000-7f131dcda000 r--p 00017000 08:15 4460115                    /lib/x86_64-linux-gnu/libpthread-2.15.so
7f131dcda000-7f131dcdb000 rw-p 00018000 08:15 4460115                    /lib/x86_64-linux-gnu/libpthread-2.15.so
7f131dcdb000-7f131dcdf000 rw-p 00000000 00:00 0 
7f131dcdf000-7f131dce1000 r-xp 00000000 08:15 4460034                    /lib/x86_64-linux-gnu/libdl-2.15.so
7f131dce1000-7f131dee1000 ---p 00002000 08:15 4460034                    /lib/x86_64-linux-gnu/libdl-2.15.so
7f131dee1000-7f131dee2000 r--p 00002000 08:15 4460034                    /lib/x86_64-linux-gnu/libdl-2.15.so
7f131dee2000-7f131dee3000 rw-p 00003000 08:15 4460034                    /lib/x86_64-linux-gnu/libdl-2.15.so
7f131dee3000-7f131e098000 r-xp 00000000 08:15 4460019                    /lib/x86_64-linux-gnu/libc-2.15.so
7f131e098000-7f131e297000 ---p 001b5000 08:15 4460019                    /lib/x86_64-linux-gnu/libc-2.15.so
7f131e297000-7f131e29b000 r--p 001b4000 08:15 4460019                    /lib/x86_64-linux-gnu/libc-2.15.so
7f131e29b000-7f131e29d000 rw-p 001b8000 08:15 4460019                    /lib/x86_64-linux-gnu/libc-2.15.so
7f131e29d000-7f131e2a2000 rw-p 00000000 00:00 0 
7f131e2bf000-7f131e2cc000 r-xp 00000000 08:15 4722618                    /usr/lib/jvm/java-7-openjdk-amd64/jre/lib/amd64/jli/libjli.so
7f131e2cc000-7f131e4cb000 ---p 0000d000 08:15 4722618                    /usr/lib/jvm/java-7-openjdk-amd64/jre/lib/amd64/jli/libjli.so
7f131e4cb000-7f131e4cc000 r--p 0000c000 08:15 4722618                    /usr/lib/jvm/java-7-openjdk-amd64/jre/lib/amd64/jli/libjli.so
7f131e4cc000-7f131e4cd000 rw-p 0000d000 08:15 4722618                    /usr/lib/jvm/java-7-openjdk-amd64/jre/lib/amd64/jli/libjli.so
7f131e4cd000-7f131e4ef000 r-xp 00000000 08:15 4459997                    /lib/x86_64-linux-gnu/ld-2.15.so
7f131e4f3000-7f131e527000 rw-p 00000000 00:00 0 
7f131e527000-7f131e5dd000 rw-p 00000000 00:00 0 
7f131e5dd000-7f131e5e5000 rw-s 00000000 08:15 786478                     /tmp/hsperfdata_ataulm/11121
7f131e5e5000-7f131e5e6000 rw-p 00000000 00:00 0 
7f131e5e6000-7f131e5e7000 r--p 00000000 00:00 0 
7f131e5e7000-7f131e5ea000 ---p 00000000 00:00 0 
7f131e5ea000-7f131e6ef000 rw-p 00000000 00:00 0                          [stack:11123]
7f131e6ef000-7f131e6f0000 r--p 00022000 08:15 4459997                    /lib/x86_64-linux-gnu/ld-2.15.so
7f131e6f0000-7f131e6f2000 rw-p 00023000 08:15 4459997                    /lib/x86_64-linux-gnu/ld-2.15.so
7fff77942000-7fff77963000 rw-p 00000000 00:00 0                          [stack]
7fff779ff000-7fff77a00000 r-xp 00000000 00:00 0                          [vdso]
ffffffffff600000-ffffffffff601000 r-xp 00000000 00:00 0                  [vsyscall]

VM Arguments:
jvm_args: -Dfile.encoding=UTF-8 -Xbootclasspath:/home/ataulm/Development/android-sdk/platforms/android-17/android.jar 
java_command: uk.co.ataulmunim.stacks.temp.Bar
Launcher Type: SUN_STANDARD

Environment Variables:
PATH=/usr/local/sbin:/usr/local/bin:/usr/sbin:/usr/bin:/sbin:/bin:/usr/games:/usr/local/games:/home/ataulm/Development/android-sdk/tools:/home/ataulm/Development/android-sdk/platform-tools
USERNAME=ataulm
SHELL=/bin/bash
DISPLAY=:0

Signal Handlers:
SIGSEGV: [libjvm.so+0x856e80], sa_mask[0]=0x7ffbfeff, sa_flags=0x10000004
SIGBUS: [libjvm.so+0x856e80], sa_mask[0]=0x7ffbfeff, sa_flags=0x10000004
SIGFPE: [libjvm.so+0x6f7b80], sa_mask[0]=0x7ffbfeff, sa_flags=0x10000004
SIGPIPE: [libjvm.so+0x6f7b80], sa_mask[0]=0x7ffbfeff, sa_flags=0x10000004
SIGXFSZ: [libjvm.so+0x6f7b80], sa_mask[0]=0x7ffbfeff, sa_flags=0x10000004
SIGILL: [libjvm.so+0x6f7b80], sa_mask[0]=0x7ffbfeff, sa_flags=0x10000004
SIGUSR1: SIG_DFL, sa_mask[0]=0x00000000, sa_flags=0x00000000
SIGUSR2: [libjvm.so+0x6f7dd0], sa_mask[0]=0x00000004, sa_flags=0x10000004
SIGHUP: SIG_DFL, sa_mask[0]=0x00000000, sa_flags=0x00000000
SIGINT: SIG_DFL, sa_mask[0]=0x00000000, sa_flags=0x00000000
SIGTERM: SIG_DFL, sa_mask[0]=0x00000000, sa_flags=0x00000000
SIGQUIT: SIG_DFL, sa_mask[0]=0x00000000, sa_flags=0x00000000


---------------  S Y S T E M  ---------------

OS:LinuxMint 14 (nadia)
uname:Linux 3.5.0-17-generic #28-Ubuntu SMP Tue Oct 9 19:31:23 UTC 2012 x86_64
libc:glibc 2.15 NPTL 2.15 
rlimit: STACK 8192k, CORE 0k, NPROC 128063, NOFILE 4096, AS infinity
load average:0.19 0.16 0.14

/proc/meminfo:
MemTotal:       16410528 kB
MemFree:         1768264 kB
Buffers:         8372796 kB
Cached:          3752672 kB
SwapCached:            0 kB
Active:          3538504 kB
Inactive:       10486440 kB
Active(anon):    1900924 kB
Inactive(anon):     7948 kB
Active(file):    1637580 kB
Inactive(file): 10478492 kB
Unevictable:          76 kB
Mlocked:              76 kB
SwapTotal:             0 kB
SwapFree:              0 kB
Dirty:               228 kB
Writeback:             0 kB
AnonPages:       1900072 kB
Mapped:           284732 kB
Shmem:              9412 kB
Slab:             390472 kB
SReclaimable:     353348 kB
SUnreclaim:        37124 kB
KernelStack:        4144 kB
PageTables:        36448 kB
NFS_Unstable:          0 kB
Bounce:                0 kB
WritebackTmp:          0 kB
CommitLimit:     8205264 kB
Committed_AS:    5129728 kB
VmallocTotal:   34359738367 kB
VmallocUsed:      142452 kB
VmallocChunk:   34359581180 kB
HardwareCorrupted:     0 kB
AnonHugePages:         0 kB
HugePages_Total:       0
HugePages_Free:        0
HugePages_Rsvd:        0
HugePages_Surp:        0
Hugepagesize:       2048 kB
DirectMap4k:     4007936 kB
DirectMap2M:    11704320 kB


CPU:total 4 (4 cores per cpu, 1 threads per core) family 6 model 42 stepping 7, cmov, cx8, fxsr, mmx, sse, sse2, sse3, ssse3, sse4.1, sse4.2, popcnt, avx, tsc, tscinvbit

/proc/cpuinfo:
processor	: 0
vendor_id	: GenuineIntel
cpu family	: 6
model		: 42
model name	: Intel(R) Core(TM) i5-2500K CPU @ 3.30GHz
stepping	: 7
microcode	: 0x1a
cpu MHz		: 1600.000
cache size	: 6144 KB
physical id	: 0
siblings	: 4
core id		: 0
cpu cores	: 4
apicid		: 0
initial apicid	: 0
fpu		: yes
fpu_exception	: yes
cpuid level	: 13
wp		: yes
flags		: fpu vme de pse tsc msr pae mce cx8 apic sep mtrr pge mca cmov pat pse36 clflush dts acpi mmx fxsr sse sse2 ss ht tm pbe syscall nx rdtscp lm constant_tsc arch_perfmon pebs bts rep_good nopl xtopology nonstop_tsc aperfmperf pni pclmulqdq dtes64 monitor ds_cpl vmx est tm2 ssse3 cx16 xtpr pdcm pcid sse4_1 sse4_2 popcnt tsc_deadline_timer aes xsave avx lahf_lm ida arat epb xsaveopt pln pts dtherm tpr_shadow vnmi flexpriority ept vpid
bogomips	: 6621.56
clflush size	: 64
cache_alignment	: 64
address sizes	: 36 bits physical, 48 bits virtual
power management:

processor	: 1
vendor_id	: GenuineIntel
cpu family	: 6
model		: 42
model name	: Intel(R) Core(TM) i5-2500K CPU @ 3.30GHz
stepping	: 7
microcode	: 0x1a
cpu MHz		: 3300.000
cache size	: 6144 KB
physical id	: 0
siblings	: 4
core id		: 1
cpu cores	: 4
apicid		: 2
initial apicid	: 2
fpu		: yes
fpu_exception	: yes
cpuid level	: 13
wp		: yes
flags		: fpu vme de pse tsc msr pae mce cx8 apic sep mtrr pge mca cmov pat pse36 clflush dts acpi mmx fxsr sse sse2 ss ht tm pbe syscall nx rdtscp lm constant_tsc arch_perfmon pebs bts rep_good nopl xtopology nonstop_tsc aperfmperf pni pclmulqdq dtes64 monitor ds_cpl vmx est tm2 ssse3 cx16 xtpr pdcm pcid sse4_1 sse4_2 popcnt tsc_deadline_timer aes xsave avx lahf_lm ida arat epb xsaveopt pln pts dtherm tpr_shadow vnmi flexpriority ept vpid
bogomips	: 6621.56
clflush size	: 64
cache_alignment	: 64
address sizes	: 36 bits physical, 48 bits virtual
power management:

processor	: 2
vendor_id	: GenuineIntel
cpu family	: 6
model		: 42
model name	: Intel(R) Core(TM) i5-2500K CPU @ 3.30GHz
stepping	: 7
microcode	: 0x1a
cpu MHz		: 1600.000
cache size	: 6144 KB
physical id	: 0
siblings	: 4
core id		: 2
cpu cores	: 4
apicid		: 4
initial apicid	: 4
fpu		: yes
fpu_exception	: yes
cpuid level	: 13
wp		: yes
flags		: fpu vme de pse tsc msr pae mce cx8 apic sep mtrr pge mca cmov pat pse36 clflush dts acpi mmx fxsr sse sse2 ss ht tm pbe syscall nx rdtscp lm constant_tsc arch_perfmon pebs bts rep_good nopl xtopology nonstop_tsc aperfmperf pni pclmulqdq dtes64 monitor ds_cpl vmx est tm2 ssse3 cx16 xtpr pdcm pcid sse4_1 sse4_2 popcnt tsc_deadline_timer aes xsave avx lahf_lm ida arat epb xsaveopt pln pts dtherm tpr_shadow vnmi flexpriority ept vpid
bogomips	: 6621.56
clflush size	: 64
cache_alignment	: 64
address sizes	: 36 bits physical, 48 bits virtual
power management:

processor	: 3
vendor_id	: GenuineIntel
cpu family	: 6
model		: 42
model name	: Intel(R) Core(TM) i5-2500K CPU @ 3.30GHz
stepping	: 7
microcode	: 0x1a
cpu MHz		: 1600.000
cache size	: 6144 KB
physical id	: 0
siblings	: 4
core id		: 3
cpu cores	: 4
apicid		: 6
initial apicid	: 6
fpu		: yes
fpu_exception	: yes
cpuid level	: 13
wp		: yes
flags		: fpu vme de pse tsc msr pae mce cx8 apic sep mtrr pge mca cmov pat pse36 clflush dts acpi mmx fxsr sse sse2 ss ht tm pbe syscall nx rdtscp lm constant_tsc arch_perfmon pebs bts rep_good nopl xtopology nonstop_tsc aperfmperf pni pclmulqdq dtes64 monitor ds_cpl vmx est tm2 ssse3 cx16 xtpr pdcm pcid sse4_1 sse4_2 popcnt tsc_deadline_timer aes xsave avx lahf_lm ida arat epb xsaveopt pln pts dtherm tpr_shadow vnmi flexpriority ept vpid
bogomips	: 6621.56
clflush size	: 64
cache_alignment	: 64
address sizes	: 36 bits physical, 48 bits virtual
power management:



Memory: 4k page, physical 16410528k(1768264k free), swap 0k(0k free)

vm_info: OpenJDK 64-Bit Server VM (23.2-b09) for linux-amd64 JRE (1.7.0_09-b30), built on Oct 24 2012 19:05:41 by "buildd" with gcc 4.7.2

time: Wed Dec 26 00:49:18 2012
elapsed time: 0 seconds

