#
# A fatal error has been detected by the Java Runtime Environment:
#
#  Internal Error (javaClasses.cpp:129), pid=11133, tid=140315638769408
#  fatal error: Invalid layout of preloaded class
#
# JRE version: 7.0_09-b30
# Java VM: OpenJDK 64-Bit Server VM (23.2-b09 mixed mode linux-amd64 compressed oops)
# Failed to write core dump. Core dumps have been disabled. To enable core dumping, try "ulimit -c unlimited" before starting Java again
#
# If you would like to submit a bug report, please include
# instructions on how to reproduce the bug and visit:
#   https://bugs.launchpad.net/ubuntu/+source/openjdk-7/
#

---------------  T H R E A D  ---------------

Current thread (0x00007f9dc0009000):  JavaThread "Unknown thread" [_thread_in_vm, id=11138, stack(0x00007f9dc7be2000,0x00007f9dc7ce3000)]

Stack: [0x00007f9dc7be2000,0x00007f9dc7ce3000],  sp=0x00007f9dc7ce19e0,  free space=1022k
Native frames: (J=compiled Java code, j=interpreted, Vv=VM code, C=native code)
V  [libjvm.so+0x85639b]  VMError::report_and_die()+0x16b
V  [libjvm.so+0x3ee237]  report_fatal(char const*, int, char const*)+0x57
V  [libjvm.so+0x52a56a]  compute_offset(int&, klassOopDesc*, Symbol*, Symbol*, bool) [clone .constprop.122]+0x11a
V  [libjvm.so+0x52a676]  java_lang_String::compute_offsets()+0x36
V  [libjvm.so+0x7e2f1d]  SystemDictionary::initialize_preloaded_classes(Thread*)+0x3d
V  [libjvm.so+0x82fe78]  Universe::genesis(Thread*)+0x468
V  [libjvm.so+0x83032f]  universe2_init()+0x1f
V  [libjvm.so+0x4dee4a]  init_globals()+0x9a
V  [libjvm.so+0x81389c]  Threads::create_vm(JavaVMInitArgs*, bool*)+0x39c
V  [libjvm.so+0x5471f8]  JNI_CreateJavaVM+0x58
C  [libjli.so+0x28f4]  __strcat_chk+0x28f4


---------------  P R O C E S S  ---------------

Java Threads: ( => current thread )

Other Threads:

=>0x00007f9dc0009000 (exited) JavaThread "Unknown thread" [_thread_in_vm, id=11138, stack(0x00007f9dc7be2000,0x00007f9dc7ce3000)]

VM state:not at safepoint (not fully initialized)

VM Mutex/Monitor currently owned by a thread: None

GC Heap History (0 events):
No events

Deoptimization events (0 events):
No events

Internal exceptions (0 events):
No events

Events (10 events):
Event: 0.004 loading class 0x00007f9dc002aea0 done
Event: 0.004 loading class 0x00007f9dc002a740 done
Event: 0.005 loading class 0x00007f9dc002a710
Event: 0.005 loading class 0x00007f9dc00558c0
Event: 0.005 loading class 0x00007f9dc00558c0 done
Event: 0.005 loading class 0x00007f9dc0055900
Event: 0.005 loading class 0x00007f9dc0055900 done
Event: 0.005 loading class 0x00007f9dc0055940
Event: 0.005 loading class 0x00007f9dc0055940 done
Event: 0.005 loading class 0x00007f9dc002a710 done


Dynamic libraries:
00400000-00401000 r-xp 00000000 08:15 4725103                            /usr/lib/jvm/java-7-openjdk-amd64/jre/bin/java
00600000-00601000 r--p 00000000 08:15 4725103                            /usr/lib/jvm/java-7-openjdk-amd64/jre/bin/java
00601000-00602000 rw-p 00001000 08:15 4725103                            /usr/lib/jvm/java-7-openjdk-amd64/jre/bin/java
00db6000-00dd7000 rw-p 00000000 00:00 0                                  [heap]
6fb200000-6fc6c0000 rw-p 00000000 00:00 0 
6fc6c0000-705800000 rw-p 00000000 00:00 0 
705800000-70ff00000 rw-p 00000000 00:00 0 
70ff00000-7ac800000 rw-p 00000000 00:00 0 
7ac800000-7b1b70000 rw-p 00000000 00:00 0 
7b1b70000-800000000 rw-p 00000000 00:00 0 
7f9d95cf4000-7f9da0000000 rw-p 00000000 00:00 0 
7f9da0000000-7f9da0021000 rw-p 00000000 00:00 0 
7f9da0021000-7f9da4000000 ---p 00000000 00:00 0 
7f9da8000000-7f9da8021000 rw-p 00000000 00:00 0 
7f9da8021000-7f9dac000000 ---p 00000000 00:00 0 
7f9db0000000-7f9db0021000 rw-p 00000000 00:00 0 
7f9db0021000-7f9db4000000 ---p 00000000 00:00 0 
7f9db8000000-7f9db8021000 rw-p 00000000 00:00 0 
7f9db8021000-7f9dbc000000 ---p 00000000 00:00 0 
7f9dbc483000-7f9dbc6c4000 rw-p 00000000 00:00 0 
7f9dbc6c4000-7f9dbc6c5000 ---p 00000000 00:00 0 
7f9dbc6c5000-7f9dbc7c5000 rw-p 00000000 00:00 0                          [stack:11142]
7f9dbc7c5000-7f9dbc7c6000 ---p 00000000 00:00 0 
7f9dbc7c6000-7f9dbc8c6000 rw-p 00000000 00:00 0                          [stack:11141]
7f9dbc8c6000-7f9dbc8c7000 ---p 00000000 00:00 0 
7f9dbc8c7000-7f9dbc9c7000 rw-p 00000000 00:00 0                          [stack:11140]
7f9dbc9c7000-7f9dbc9c8000 ---p 00000000 00:00 0 
7f9dbc9c8000-7f9dbcb1c000 rw-p 00000000 00:00 0                          [stack:11139]
7f9dbcb1c000-7f9dbd000000 rw-p 00000000 00:00 0 
7f9dbd000000-7f9dbd270000 rwxp 00000000 00:00 0 
7f9dbd270000-7f9dc0060000 rw-p 00000000 00:00 0 
7f9dc0060000-7f9dc4000000 ---p 00000000 00:00 0 
7f9dc4000000-7f9dc40c5000 r--s 0115c000 08:15 3672959                    /home/ataulm/Development/android-sdk/platforms/android-17/android.jar
7f9dc40c5000-7f9dc40d0000 rw-p 00000000 00:00 0 
7f9dc40d0000-7f9dc4118000 rw-p 00000000 00:00 0 
7f9dc4118000-7f9dc4123000 rw-p 00000000 00:00 0 
7f9dc4123000-7f9dc416b000 rw-p 00000000 00:00 0 
7f9dc416b000-7f9dc41bf000 rw-p 00000000 00:00 0 
7f9dc41bf000-7f9dc46a3000 rw-p 00000000 00:00 0 
7f9dc46a3000-7f9dc46cd000 rw-p 00000000 00:00 0 
7f9dc46cd000-7f9dc493f000 rw-p 00000000 00:00 0 
7f9dc493f000-7f9dc4940000 rw-p 00000000 00:00 0 
7f9dc4940000-7f9dc4948000 r-xp 00000000 08:15 4725085                    /usr/lib/jvm/java-7-openjdk-amd64/jre/lib/amd64/libzip.so
7f9dc4948000-7f9dc4b47000 ---p 00008000 08:15 4725085                    /usr/lib/jvm/java-7-openjdk-amd64/jre/lib/amd64/libzip.so
7f9dc4b47000-7f9dc4b48000 r--p 00007000 08:15 4725085                    /usr/lib/jvm/java-7-openjdk-amd64/jre/lib/amd64/libzip.so
7f9dc4b48000-7f9dc4b49000 rw-p 00008000 08:15 4725085                    /usr/lib/jvm/java-7-openjdk-amd64/jre/lib/amd64/libzip.so
7f9dc4b49000-7f9dc4b55000 r-xp 00000000 08:15 4460084                    /lib/x86_64-linux-gnu/libnss_files-2.15.so
7f9dc4b55000-7f9dc4d54000 ---p 0000c000 08:15 4460084                    /lib/x86_64-linux-gnu/libnss_files-2.15.so
7f9dc4d54000-7f9dc4d55000 r--p 0000b000 08:15 4460084                    /lib/x86_64-linux-gnu/libnss_files-2.15.so
7f9dc4d55000-7f9dc4d56000 rw-p 0000c000 08:15 4460084                    /lib/x86_64-linux-gnu/libnss_files-2.15.so
7f9dc4d56000-7f9dc4d60000 r-xp 00000000 08:15 4460088                    /lib/x86_64-linux-gnu/libnss_nis-2.15.so
7f9dc4d60000-7f9dc4f60000 ---p 0000a000 08:15 4460088                    /lib/x86_64-linux-gnu/libnss_nis-2.15.so
7f9dc4f60000-7f9dc4f61000 r--p 0000a000 08:15 4460088                    /lib/x86_64-linux-gnu/libnss_nis-2.15.so
7f9dc4f61000-7f9dc4f62000 rw-p 0000b000 08:15 4460088                    /lib/x86_64-linux-gnu/libnss_nis-2.15.so
7f9dc4f62000-7f9dc4f79000 r-xp 00000000 08:15 4460078                    /lib/x86_64-linux-gnu/libnsl-2.15.so
7f9dc4f79000-7f9dc5178000 ---p 00017000 08:15 4460078                    /lib/x86_64-linux-gnu/libnsl-2.15.so
7f9dc5178000-7f9dc5179000 r--p 00016000 08:15 4460078                    /lib/x86_64-linux-gnu/libnsl-2.15.so
7f9dc5179000-7f9dc517a000 rw-p 00017000 08:15 4460078                    /lib/x86_64-linux-gnu/libnsl-2.15.so
7f9dc517a000-7f9dc517c000 rw-p 00000000 00:00 0 
7f9dc517c000-7f9dc5184000 r-xp 00000000 08:15 4460080                    /lib/x86_64-linux-gnu/libnss_compat-2.15.so
7f9dc5184000-7f9dc5383000 ---p 00008000 08:15 4460080                    /lib/x86_64-linux-gnu/libnss_compat-2.15.so
7f9dc5383000-7f9dc5384000 r--p 00007000 08:15 4460080                    /lib/x86_64-linux-gnu/libnss_compat-2.15.so
7f9dc5384000-7f9dc5385000 rw-p 00008000 08:15 4460080                    /lib/x86_64-linux-gnu/libnss_compat-2.15.so
7f9dc5385000-7f9dc53b0000 r-xp 00000000 08:15 4721761                    /usr/lib/jvm/java-7-openjdk-amd64/jre/lib/amd64/libjava.so
7f9dc53b0000-7f9dc55af000 ---p 0002b000 08:15 4721761                    /usr/lib/jvm/java-7-openjdk-amd64/jre/lib/amd64/libjava.so
7f9dc55af000-7f9dc55b0000 r--p 0002a000 08:15 4721761                    /usr/lib/jvm/java-7-openjdk-amd64/jre/lib/amd64/libjava.so
7f9dc55b0000-7f9dc55b2000 rw-p 0002b000 08:15 4721761                    /usr/lib/jvm/java-7-openjdk-amd64/jre/lib/amd64/libjava.so
7f9dc55b2000-7f9dc55c1000 r-xp 00000000 08:15 4725078                    /usr/lib/jvm/java-7-openjdk-amd64/jre/lib/amd64/libverify.so
7f9dc55c1000-7f9dc57c0000 ---p 0000f000 08:15 4725078                    /usr/lib/jvm/java-7-openjdk-amd64/jre/lib/amd64/libverify.so
7f9dc57c0000-7f9dc57c2000 r--p 0000e000 08:15 4725078                    /usr/lib/jvm/java-7-openjdk-amd64/jre/lib/amd64/libverify.so
7f9dc57c2000-7f9dc57c3000 rw-p 00010000 08:15 4725078                    /usr/lib/jvm/java-7-openjdk-amd64/jre/lib/amd64/libverify.so
7f9dc57c3000-7f9dc57ca000 r-xp 00000000 08:15 4460123                    /lib/x86_64-linux-gnu/librt-2.15.so
7f9dc57ca000-7f9dc59c9000 ---p 00007000 08:15 4460123                    /lib/x86_64-linux-gnu/librt-2.15.so
7f9dc59c9000-7f9dc59ca000 r--p 00006000 08:15 4460123                    /lib/x86_64-linux-gnu/librt-2.15.so
7f9dc59ca000-7f9dc59cb000 rw-p 00007000 08:15 4460123                    /lib/x86_64-linux-gnu/librt-2.15.so
7f9dc59cb000-7f9dc59e0000 r-xp 00000000 08:15 4460044                    /lib/x86_64-linux-gnu/libgcc_s.so.1
7f9dc59e0000-7f9dc5bdf000 ---p 00015000 08:15 4460044                    /lib/x86_64-linux-gnu/libgcc_s.so.1
7f9dc5bdf000-7f9dc5be0000 r--p 00014000 08:15 4460044                    /lib/x86_64-linux-gnu/libgcc_s.so.1
7f9dc5be0000-7f9dc5be1000 rw-p 00015000 08:15 4460044                    /lib/x86_64-linux-gnu/libgcc_s.so.1
7f9dc5be1000-7f9dc5cdc000 r-xp 00000000 08:15 4460061                    /lib/x86_64-linux-gnu/libm-2.15.so
7f9dc5cdc000-7f9dc5edb000 ---p 000fb000 08:15 4460061                    /lib/x86_64-linux-gnu/libm-2.15.so
7f9dc5edb000-7f9dc5edc000 r--p 000fa000 08:15 4460061                    /lib/x86_64-linux-gnu/libm-2.15.so
7f9dc5edc000-7f9dc5edd000 rw-p 000fb000 08:15 4460061                    /lib/x86_64-linux-gnu/libm-2.15.so
7f9dc5edd000-7f9dc5fc2000 r-xp 00000000 08:15 4594684                    /usr/lib/x86_64-linux-gnu/libstdc++.so.6.0.17
7f9dc5fc2000-7f9dc61c1000 ---p 000e5000 08:15 4594684                    /usr/lib/x86_64-linux-gnu/libstdc++.so.6.0.17
7f9dc61c1000-7f9dc61c9000 r--p 000e4000 08:15 4594684                    /usr/lib/x86_64-linux-gnu/libstdc++.so.6.0.17
7f9dc61c9000-7f9dc61cb000 rw-p 000ec000 08:15 4594684                    /usr/lib/x86_64-linux-gnu/libstdc++.so.6.0.17
7f9dc61cb000-7f9dc61e0000 rw-p 00000000 00:00 0 
7f9dc61e0000-7f9dc6bda000 r-xp 00000000 08:15 4721728                    /usr/lib/jvm/java-7-openjdk-amd64/jre/lib/amd64/server/libjvm.so
7f9dc6bda000-7f9dc6dd9000 ---p 009fa000 08:15 4721728                    /usr/lib/jvm/java-7-openjdk-amd64/jre/lib/amd64/server/libjvm.so
7f9dc6dd9000-7f9dc6e58000 r--p 009f9000 08:15 4721728                    /usr/lib/jvm/java-7-openjdk-amd64/jre/lib/amd64/server/libjvm.so
7f9dc6e58000-7f9dc6e7b000 rw-p 00a78000 08:15 4721728                    /usr/lib/jvm/java-7-openjdk-amd64/jre/lib/amd64/server/libjvm.so
7f9dc6e7b000-7f9dc6ea6000 rw-p 00000000 00:00 0 
7f9dc6ea6000-7f9dc6ebc000 r-xp 00000000 08:15 4460153                    /lib/x86_64-linux-gnu/libz.so.1.2.7
7f9dc6ebc000-7f9dc70bb000 ---p 00016000 08:15 4460153                    /lib/x86_64-linux-gnu/libz.so.1.2.7
7f9dc70bb000-7f9dc70bc000 r--p 00015000 08:15 4460153                    /lib/x86_64-linux-gnu/libz.so.1.2.7
7f9dc70bc000-7f9dc70bd000 rw-p 00016000 08:15 4460153                    /lib/x86_64-linux-gnu/libz.so.1.2.7
7f9dc70bd000-7f9dc70d5000 r-xp 00000000 08:15 4460115                    /lib/x86_64-linux-gnu/libpthread-2.15.so
7f9dc70d5000-7f9dc72d4000 ---p 00018000 08:15 4460115                    /lib/x86_64-linux-gnu/libpthread-2.15.so
7f9dc72d4000-7f9dc72d5000 r--p 00017000 08:15 4460115                    /lib/x86_64-linux-gnu/libpthread-2.15.so
7f9dc72d5000-7f9dc72d6000 rw-p 00018000 08:15 4460115                    /lib/x86_64-linux-gnu/libpthread-2.15.so
7f9dc72d6000-7f9dc72da000 rw-p 00000000 00:00 0 
7f9dc72da000-7f9dc72dc000 r-xp 00000000 08:15 4460034                    /lib/x86_64-linux-gnu/libdl-2.15.so
7f9dc72dc000-7f9dc74dc000 ---p 00002000 08:15 4460034                    /lib/x86_64-linux-gnu/libdl-2.15.so
7f9dc74dc000-7f9dc74dd000 r--p 00002000 08:15 4460034                    /lib/x86_64-linux-gnu/libdl-2.15.so
7f9dc74dd000-7f9dc74de000 rw-p 00003000 08:15 4460034                    /lib/x86_64-linux-gnu/libdl-2.15.so
7f9dc74de000-7f9dc7693000 r-xp 00000000 08:15 4460019                    /lib/x86_64-linux-gnu/libc-2.15.so
7f9dc7693000-7f9dc7892000 ---p 001b5000 08:15 4460019                    /lib/x86_64-linux-gnu/libc-2.15.so
7f9dc7892000-7f9dc7896000 r--p 001b4000 08:15 4460019                    /lib/x86_64-linux-gnu/libc-2.15.so
7f9dc7896000-7f9dc7898000 rw-p 001b8000 08:15 4460019                    /lib/x86_64-linux-gnu/libc-2.15.so
7f9dc7898000-7f9dc789d000 rw-p 00000000 00:00 0 
7f9dc78ba000-7f9dc78c7000 r-xp 00000000 08:15 4722618                    /usr/lib/jvm/java-7-openjdk-amd64/jre/lib/amd64/jli/libjli.so
7f9dc78c7000-7f9dc7ac6000 ---p 0000d000 08:15 4722618                    /usr/lib/jvm/java-7-openjdk-amd64/jre/lib/amd64/jli/libjli.so
7f9dc7ac6000-7f9dc7ac7000 r--p 0000c000 08:15 4722618                    /usr/lib/jvm/java-7-openjdk-amd64/jre/lib/amd64/jli/libjli.so
7f9dc7ac7000-7f9dc7ac8000 rw-p 0000d000 08:15 4722618                    /usr/lib/jvm/java-7-openjdk-amd64/jre/lib/amd64/jli/libjli.so
7f9dc7ac8000-7f9dc7aea000 r-xp 00000000 08:15 4459997                    /lib/x86_64-linux-gnu/ld-2.15.so
7f9dc7aee000-7f9dc7b22000 rw-p 00000000 00:00 0 
7f9dc7b22000-7f9dc7bd8000 rw-p 00000000 00:00 0 
7f9dc7bd8000-7f9dc7be0000 rw-s 00000000 08:15 786478                     /tmp/hsperfdata_ataulm/11133
7f9dc7be0000-7f9dc7be1000 rw-p 00000000 00:00 0 
7f9dc7be1000-7f9dc7be2000 r--p 00000000 00:00 0 
7f9dc7be2000-7f9dc7be5000 ---p 00000000 00:00 0 
7f9dc7be5000-7f9dc7cea000 rw-p 00000000 00:00 0                          [stack:11138]
7f9dc7cea000-7f9dc7ceb000 r--p 00022000 08:15 4459997                    /lib/x86_64-linux-gnu/ld-2.15.so
7f9dc7ceb000-7f9dc7ced000 rw-p 00023000 08:15 4459997                    /lib/x86_64-linux-gnu/ld-2.15.so
7fffa5f31000-7fffa5f52000 rw-p 00000000 00:00 0                          [stack]
7fffa5fff000-7fffa6000000 r-xp 00000000 00:00 0                          [vdso]
ffffffffff600000-ffffffffff601000 r-xp 00000000 00:00 0                  [vsyscall]

VM Arguments:
jvm_args: -Dfile.encoding=UTF-8 -Xbootclasspath:/home/ataulm/Development/android-sdk/platforms/android-17/android.jar 
java_command: uk.co.ataulmunim.stacks.temp.Bar
Launcher Type: SUN_STANDARD

Environment Variables:
PATH=/usr/local/sbin:/usr/local/bin:/usr/sbin:/usr/bin:/sbin:/bin:/usr/games:/usr/local/games:/home/ataulm/Development/android-sdk/tools:/home/ataulm/Development/android-sdk/platform-tools
USERNAME=ataulm
SHELL=/bin/bash
DISPLAY=:0

Signal Handlers:
SIGSEGV: [libjvm.so+0x856e80], sa_mask[0]=0x7ffbfeff, sa_flags=0x10000004
SIGBUS: [libjvm.so+0x856e80], sa_mask[0]=0x7ffbfeff, sa_flags=0x10000004
SIGFPE: [libjvm.so+0x6f7b80], sa_mask[0]=0x7ffbfeff, sa_flags=0x10000004
SIGPIPE: [libjvm.so+0x6f7b80], sa_mask[0]=0x7ffbfeff, sa_flags=0x10000004
SIGXFSZ: [libjvm.so+0x6f7b80], sa_mask[0]=0x7ffbfeff, sa_flags=0x10000004
SIGILL: [libjvm.so+0x6f7b80], sa_mask[0]=0x7ffbfeff, sa_flags=0x10000004
SIGUSR1: SIG_DFL, sa_mask[0]=0x00000000, sa_flags=0x00000000
SIGUSR2: [libjvm.so+0x6f7dd0], sa_mask[0]=0x00000004, sa_flags=0x10000004
SIGHUP: SIG_DFL, sa_mask[0]=0x00000000, sa_flags=0x00000000
SIGINT: SIG_DFL, sa_mask[0]=0x00000000, sa_flags=0x00000000
SIGTERM: SIG_DFL, sa_mask[0]=0x00000000, sa_flags=0x00000000
SIGQUIT: SIG_DFL, sa_mask[0]=0x00000000, sa_flags=0x00000000


---------------  S Y S T E M  ---------------

OS:LinuxMint 14 (nadia)
uname:Linux 3.5.0-17-generic #28-Ubuntu SMP Tue Oct 9 19:31:23 UTC 2012 x86_64
libc:glibc 2.15 NPTL 2.15 
rlimit: STACK 8192k, CORE 0k, NPROC 128063, NOFILE 4096, AS infinity
load average:0.17 0.15 0.14

/proc/meminfo:
MemTotal:       16410528 kB
MemFree:         1766016 kB
Buffers:         8372804 kB
Cached:          3753320 kB
SwapCached:            0 kB
Active:          3542644 kB
Inactive:       10485012 kB
Active(anon):    1902996 kB
Inactive(anon):     7948 kB
Active(file):    1639648 kB
Inactive(file): 10477064 kB
Unevictable:          76 kB
Mlocked:              76 kB
SwapTotal:             0 kB
SwapFree:              0 kB
Dirty:               388 kB
Writeback:             0 kB
AnonPages:       1902204 kB
Mapped:           282408 kB
Shmem:              9412 kB
Slab:             390444 kB
SReclaimable:     353320 kB
SUnreclaim:        37124 kB
KernelStack:        4152 kB
PageTables:        36448 kB
NFS_Unstable:          0 kB
Bounce:                0 kB
WritebackTmp:          0 kB
CommitLimit:     8205264 kB
Committed_AS:    5132904 kB
VmallocTotal:   34359738367 kB
VmallocUsed:      142452 kB
VmallocChunk:   34359581180 kB
HardwareCorrupted:     0 kB
AnonHugePages:         0 kB
HugePages_Total:       0
HugePages_Free:        0
HugePages_Rsvd:        0
HugePages_Surp:        0
Hugepagesize:       2048 kB
DirectMap4k:     4007936 kB
DirectMap2M:    11704320 kB


CPU:total 4 (4 cores per cpu, 1 threads per core) family 6 model 42 stepping 7, cmov, cx8, fxsr, mmx, sse, sse2, sse3, ssse3, sse4.1, sse4.2, popcnt, avx, tsc, tscinvbit

/proc/cpuinfo:
processor	: 0
vendor_id	: GenuineIntel
cpu family	: 6
model		: 42
model name	: Intel(R) Core(TM) i5-2500K CPU @ 3.30GHz
stepping	: 7
microcode	: 0x1a
cpu MHz		: 2600.000
cache size	: 6144 KB
physical id	: 0
siblings	: 4
core id		: 0
cpu cores	: 4
apicid		: 0
initial apicid	: 0
fpu		: yes
fpu_exception	: yes
cpuid level	: 13
wp		: yes
flags		: fpu vme de pse tsc msr pae mce cx8 apic sep mtrr pge mca cmov pat pse36 clflush dts acpi mmx fxsr sse sse2 ss ht tm pbe syscall nx rdtscp lm constant_tsc arch_perfmon pebs bts rep_good nopl xtopology nonstop_tsc aperfmperf pni pclmulqdq dtes64 monitor ds_cpl vmx est tm2 ssse3 cx16 xtpr pdcm pcid sse4_1 sse4_2 popcnt tsc_deadline_timer aes xsave avx lahf_lm ida arat epb xsaveopt pln pts dtherm tpr_shadow vnmi flexpriority ept vpid
bogomips	: 6621.56
clflush size	: 64
cache_alignment	: 64
address sizes	: 36 bits physical, 48 bits virtual
power management:

processor	: 1
vendor_id	: GenuineIntel
cpu family	: 6
model		: 42
model name	: Intel(R) Core(TM) i5-2500K CPU @ 3.30GHz
stepping	: 7
microcode	: 0x1a
cpu MHz		: 2600.000
cache size	: 6144 KB
physical id	: 0
siblings	: 4
core id		: 1
cpu cores	: 4
apicid		: 2
initial apicid	: 2
fpu		: yes
fpu_exception	: yes
cpuid level	: 13
wp		: yes
flags		: fpu vme de pse tsc msr pae mce cx8 apic sep mtrr pge mca cmov pat pse36 clflush dts acpi mmx fxsr sse sse2 ss ht tm pbe syscall nx rdtscp lm constant_tsc arch_perfmon pebs bts rep_good nopl xtopology nonstop_tsc aperfmperf pni pclmulqdq dtes64 monitor ds_cpl vmx est tm2 ssse3 cx16 xtpr pdcm pcid sse4_1 sse4_2 popcnt tsc_deadline_timer aes xsave avx lahf_lm ida arat epb xsaveopt pln pts dtherm tpr_shadow vnmi flexpriority ept vpid
bogomips	: 6621.56
clflush size	: 64
cache_alignment	: 64
address sizes	: 36 bits physical, 48 bits virtual
power management:

processor	: 2
vendor_id	: GenuineIntel
cpu family	: 6
model		: 42
model name	: Intel(R) Core(TM) i5-2500K CPU @ 3.30GHz
stepping	: 7
microcode	: 0x1a
cpu MHz		: 2100.000
cache size	: 6144 KB
physical id	: 0
siblings	: 4
core id		: 2
cpu cores	: 4
apicid		: 4
initial apicid	: 4
fpu		: yes
fpu_exception	: yes
cpuid level	: 13
wp		: yes
flags		: fpu vme de pse tsc msr pae mce cx8 apic sep mtrr pge mca cmov pat pse36 clflush dts acpi mmx fxsr sse sse2 ss ht tm pbe syscall nx rdtscp lm constant_tsc arch_perfmon pebs bts rep_good nopl xtopology nonstop_tsc aperfmperf pni pclmulqdq dtes64 monitor ds_cpl vmx est tm2 ssse3 cx16 xtpr pdcm pcid sse4_1 sse4_2 popcnt tsc_deadline_timer aes xsave avx lahf_lm ida arat epb xsaveopt pln pts dtherm tpr_shadow vnmi flexpriority ept vpid
bogomips	: 6621.56
clflush size	: 64
cache_alignment	: 64
address sizes	: 36 bits physical, 48 bits virtual
power management:

processor	: 3
vendor_id	: GenuineIntel
cpu family	: 6
model		: 42
model name	: Intel(R) Core(TM) i5-2500K CPU @ 3.30GHz
stepping	: 7
microcode	: 0x1a
cpu MHz		: 2000.000
cache size	: 6144 KB
physical id	: 0
siblings	: 4
core id		: 3
cpu cores	: 4
apicid		: 6
initial apicid	: 6
fpu		: yes
fpu_exception	: yes
cpuid level	: 13
wp		: yes
flags		: fpu vme de pse tsc msr pae mce cx8 apic sep mtrr pge mca cmov pat pse36 clflush dts acpi mmx fxsr sse sse2 ss ht tm pbe syscall nx rdtscp lm constant_tsc arch_perfmon pebs bts rep_good nopl xtopology nonstop_tsc aperfmperf pni pclmulqdq dtes64 monitor ds_cpl vmx est tm2 ssse3 cx16 xtpr pdcm pcid sse4_1 sse4_2 popcnt tsc_deadline_timer aes xsave avx lahf_lm ida arat epb xsaveopt pln pts dtherm tpr_shadow vnmi flexpriority ept vpid
bogomips	: 6621.56
clflush size	: 64
cache_alignment	: 64
address sizes	: 36 bits physical, 48 bits virtual
power management:



Memory: 4k page, physical 16410528k(1765768k free), swap 0k(0k free)

vm_info: OpenJDK 64-Bit Server VM (23.2-b09) for linux-amd64 JRE (1.7.0_09-b30), built on Oct 24 2012 19:05:41 by "buildd" with gcc 4.7.2

time: Wed Dec 26 00:49:25 2012
elapsed time: 0 seconds

